[[ 2025-10-12T03:22:08+08:00 ]] 103.97.2.160 /t/font_754598_lgumlz8axqp.css
[[INFO]: [[ app_init ] --START--]
[INFO]: [Run Behavior\BuildLiteBehavior [ RunTime:0.000005s ]]
[INFO]: [[ app_init ] --END-- [ RunTime:0.000214s ]]
[ERR]: [无法加载模块:T]
]
[[ 2025-10-12T03:22:08+08:00 ]] 103.97.2.158 /os/chair-script/antchainweb/umi.800126bc.css
[[INFO]: [[ app_init ] --START--]
[INFO]: [Run Behavior\BuildLiteBehavior [ RunTime:0.000005s ]]
[INFO]: [[ app_init ] --END-- [ RunTime:0.000226s ]]
[ERR]: [无法加载模块:Os]
]
[[ 2025-10-12T03:22:08+08:00 ]] 103.97.2.157 /os/lib/js.js
[[INFO]: [[ app_init ] --START--]
[INFO]: [Run Behavior\BuildLiteBehavior [ RunTime:0.000007s ]]
[INFO]: [[ app_init ] --END-- [ RunTime:0.000235s ]]
[ERR]: [无法加载模块:Os]
]
[[ 2025-10-12T03:22:08+08:00 ]] 103.97.2.160 /os/chair-script/antchainweb/common_nav.48738b16.css
[[INFO]: [[ app_init ] --START--]
[INFO]: [Run Behavior\BuildLiteBehavior [ RunTime:0.000005s ]]
[INFO]: [[ app_init ] --END-- [ RunTime:0.000186s ]]
[ERR]: [无法加载模块:Os]
]
[[ 2025-10-12T03:22:09+08:00 ]] 103.97.2.159 /os/chair-script/antchainweb/common_foot.a3a1564f.css
[[INFO]: [[ app_init ] --START--]
[INFO]: [Run Behavior\BuildLiteBehavior [ RunTime:0.000005s ]]
[INFO]: [[ app_init ] --END-- [ RunTime:0.000174s ]]
[ERR]: [无法加载模块:Os]
]
[[ 2025-10-12T03:22:09+08:00 ]] 103.97.2.159 /os/chair-script/antchainweb/common_tel.86a98921.css
[[INFO]: [[ app_init ] --START--]
[INFO]: [Run Behavior\BuildLiteBehavior [ RunTime:0.000005s ]]
[INFO]: [[ app_init ] --END-- [ RunTime:0.000245s ]]
[ERR]: [无法加载模块:Os]
]
[[ 2025-10-12T03:22:10+08:00 ]] 103.97.2.160 /os/lib/js1.js
[[INFO]: [[ app_init ] --START--]
[INFO]: [Run Behavior\BuildLiteBehavior [ RunTime:0.000006s ]]
[INFO]: [[ app_init ] --END-- [ RunTime:0.000184s ]]
[ERR]: [无法加载模块:Os]
]
[[ 2025-10-12T03:22:10+08:00 ]] 103.97.2.161 /os/lib/react/17.0.2/umd/react.production.min.js
[[INFO]: [[ app_init ] --START--]
[INFO]: [Run Behavior\BuildLiteBehavior [ RunTime:0.000006s ]]
[INFO]: [[ app_init ] --END-- [ RunTime:0.000206s ]]
[ERR]: [无法加载模块:Os]
]
[[ 2025-10-12T03:22:10+08:00 ]] 103.97.2.157 /os/chair-script/antchainweb/common_nav.8e7fda82.js
[[INFO]: [[ app_init ] --START--]
[INFO]: [Run Behavior\BuildLiteBehavior [ RunTime:0.000005s ]]
[INFO]: [[ app_init ] --END-- [ RunTime:0.000189s ]]
[ERR]: [无法加载模块:Os]
]
[[ 2025-10-12T03:22:11+08:00 ]] 103.97.2.158 /os/lib/react-dom/17.0.2/umd/react-dom.production.min.js
[[INFO]: [[ app_init ] --START--]
[INFO]: [Run Behavior\BuildLiteBehavior [ RunTime:0.000005s ]]
[INFO]: [[ app_init ] --END-- [ RunTime:0.000190s ]]
[ERR]: [无法加载模块:Os]
]
[[ 2025-10-12T03:22:11+08:00 ]] 103.97.2.157 /os/chair-script/antchainweb/umi.cb301151.js
[[INFO]: [[ app_init ] --START--]
[INFO]: [Run Behavior\BuildLiteBehavior [ RunTime:0.000005s ]]
[INFO]: [[ app_init ] --END-- [ RunTime:0.000180s ]]
[ERR]: [无法加载模块:Os]
]
[[ 2025-10-12T03:22:11+08:00 ]] 103.97.2.157 /os/chair-script/antchainweb/common_foot.80344f31.js
[[INFO]: [[ app_init ] --START--]
[INFO]: [Run Behavior\BuildLiteBehavior [ RunTime:0.000007s ]]
[INFO]: [[ app_init ] --END-- [ RunTime:0.000245s ]]
[ERR]: [无法加载模块:Os]
]
[[ 2025-10-12T03:22:11+08:00 ]] 103.97.2.159 /os/chair-script/antchainweb/common_tel.a9639c70.js
[[INFO]: [[ app_init ] --START--]
[INFO]: [Run Behavior\BuildLiteBehavior [ RunTime:0.000006s ]]
[INFO]: [[ app_init ] --END-- [ RunTime:0.000230s ]]
[ERR]: [无法加载模块:Os]
]
[[ 2025-10-12T03:22:12+08:00 ]] 103.97.2.159 /os/lib/react/17.0.2/umd/react.production.min.js
[[INFO]: [[ app_init ] --START--]
[INFO]: [Run Behavior\BuildLiteBehavior [ RunTime:0.000006s ]]
[INFO]: [[ app_init ] --END-- [ RunTime:0.000241s ]]
[ERR]: [无法加载模块:Os]
]
[[ 2025-10-12T03:22:13+08:00 ]] 103.97.2.160 /os/lib/react-dom/17.0.2/umd/react-dom.production.min.js
[[INFO]: [[ app_init ] --START--]
[INFO]: [Run Behavior\BuildLiteBehavior [ RunTime:0.000006s ]]
[INFO]: [[ app_init ] --END-- [ RunTime:0.000242s ]]
[ERR]: [无法加载模块:Os]
]
[[ 2025-10-12T03:27:11+08:00 ]] 103.97.2.158 /favicon.ico
[[INFO]: [[ app_init ] --START--]
[INFO]: [Run Behavior\BuildLiteBehavior [ RunTime:0.000016s ]]
[INFO]: [[ app_init ] --END-- [ RunTime:0.000686s ]]
[ERR]: [无法加载模块:Favicon]
]
[[ 2025-10-12T03:31:09+08:00 ]] 103.97.2.159 /favicon.ico
[[INFO]: [[ app_init ] --START--]
[INFO]: [Run Behavior\BuildLiteBehavior [ RunTime:0.000006s ]]
[INFO]: [[ app_init ] --END-- [ RunTime:0.000234s ]]
[ERR]: [无法加载模块:Favicon]
]
[[ 2025-10-12T03:34:38+08:00 ]] 103.97.2.158 /favicon.ico
[[INFO]: [[ app_init ] --START--]
[INFO]: [Run Behavior\BuildLiteBehavior [ RunTime:0.000005s ]]
[INFO]: [[ app_init ] --END-- [ RunTime:0.000176s ]]
[ERR]: [无法加载模块:Favicon]
]
[[ 2025-10-12T03:37:44+08:00 ]] 103.97.2.158 /favicon.ico
[[INFO]: [[ app_init ] --START--]
[INFO]: [Run Behavior\BuildLiteBehavior [ RunTime:0.000007s ]]
[INFO]: [[ app_init ] --END-- [ RunTime:0.000249s ]]
[ERR]: [无法加载模块:Favicon]
]
[[ 2025-10-12T03:37:56+08:00 ]] 103.97.2.160 /favicon.ico
[[INFO]: [[ app_init ] --START--]
[INFO]: [Run Behavior\BuildLiteBehavior [ RunTime:0.000005s ]]
[INFO]: [[ app_init ] --END-- [ RunTime:0.000178s ]]
[ERR]: [无法加载模块:Favicon]
]
